This is pdfTeX, Version 3.141592653-2.6-1.40.22 (TeX Live 2022/dev/Debian) (preloaded format=pdflatex 2023.4.13)  3 MAY 2023 13:02
entering extended mode
 restricted \write18 enabled.
 file:line:error style messages enabled.
 %&-line parsing enabled.
**"/media/drives/four/gu_admin/syllabus/syllabus_designs/Syllabus Template/main.tex"
(/media/drives/four/gu_admin/syllabus/syllabus_designs/Syllabus Template/main.tex
LaTeX2e <2021-11-15> patch level 1
L3 programming layer <2022-01-21> (/usr/share/texlive/texmf-dist/tex/latex/base/article.cls
Document Class: article 2021/10/04 v1.4n Standard LaTeX document class
(/usr/share/texlive/texmf-dist/tex/latex/base/size11.clo
File: size11.clo 2021/10/04 v1.4n Standard LaTeX file (size option)
)
\c@part=\count185
\c@section=\count186
\c@subsection=\count187
\c@subsubsection=\count188
\c@paragraph=\count189
\c@subparagraph=\count190
\c@figure=\count191
\c@table=\count192
\abovecaptionskip=\skip47
\belowcaptionskip=\skip48
\bibindent=\dimen138
) (./includes/teacher-info.tex) (./includes/course-info.tex) (./includes/packages-imports.tex (/usr/share/texlive/texmf-dist/tex/latex/fancyhdr/fancyhdr.sty
Package: fancyhdr 2021/01/28 v4.0.1 Extensive control of page headers and footers
\f@nch@headwidth=\skip49
\f@nch@O@elh=\skip50
\f@nch@O@erh=\skip51
\f@nch@O@olh=\skip52
\f@nch@O@orh=\skip53
\f@nch@O@elf=\skip54
\f@nch@O@erf=\skip55
\f@nch@O@olf=\skip56
\f@nch@O@orf=\skip57
) (/usr/share/texlive/texmf-dist/tex/latex/lastpage/lastpage.sty
Package: lastpage 2021/09/03 v1.2n Refers to last page's name (HMM; JPG)
) (/usr/share/texlive/texmf-dist/tex/latex/bbding/bbding.sty
Package: bbding 1999/04/15 v1.01 Dingbats symbols
) (/usr/share/texlive/texmf-dist/tex/latex/pmboxdraw/pmboxdraw.sty
Package: pmboxdraw 2019/12/05 v1.4 Poor man's box drawing characters (HO)
 (/usr/share/texlive/texmf-dist/tex/generic/ltxcmds/ltxcmds.sty
Package: ltxcmds 2020-05-10 v1.25 LaTeX kernel commands for general use (HO)
) (/usr/share/texlive/texmf-dist/tex/generic/kvsetkeys/kvsetkeys.sty
Package: kvsetkeys 2019/12/15 v1.18 Key value parser (HO)
) (/usr/share/texlive/texmf-dist/tex/generic/kvdefinekeys/kvdefinekeys.sty
Package: kvdefinekeys 2019-12-19 v1.6 Define keys (HO)
) (/usr/share/texlive/texmf-dist/tex/generic/infwarerr/infwarerr.sty
Package: infwarerr 2019/12/03 v1.5 Providing info/warning/error messages (HO)
)
Now handling font encoding pmboxdraw ...
... processing UTF-8 mapping file for font encoding pmboxdraw
 (/usr/share/texlive/texmf-dist/tex/latex/pmboxdraw/pmboxdrawenc.dfu
File: pmboxdrawenc.dfu 2019/12/05 v1.4 UTF-8 support for box drawing characters
   defining Unicode char U+2500 (decimal 9472)
   defining Unicode char U+2501 (decimal 9473)
   defining Unicode char U+2502 (decimal 9474)
   defining Unicode char U+2503 (decimal 9475)
   defining Unicode char U+250C (decimal 9484)
   defining Unicode char U+250D (decimal 9485)
   defining Unicode char U+250E (decimal 9486)
   defining Unicode char U+250F (decimal 9487)
   defining Unicode char U+2510 (decimal 9488)
   defining Unicode char U+2511 (decimal 9489)
   defining Unicode char U+2512 (decimal 9490)
   defining Unicode char U+2513 (decimal 9491)
   defining Unicode char U+2514 (decimal 9492)
   defining Unicode char U+2515 (decimal 9493)
   defining Unicode char U+2516 (decimal 9494)
   defining Unicode char U+2517 (decimal 9495)
   defining Unicode char U+2518 (decimal 9496)
   defining Unicode char U+2519 (decimal 9497)
   defining Unicode char U+251A (decimal 9498)
   defining Unicode char U+251B (decimal 9499)
   defining Unicode char U+251C (decimal 9500)
   defining Unicode char U+251D (decimal 9501)
   defining Unicode char U+251E (decimal 9502)
   defining Unicode char U+251F (decimal 9503)
   defining Unicode char U+2520 (decimal 9504)
   defining Unicode char U+2521 (decimal 9505)
   defining Unicode char U+2522 (decimal 9506)
   defining Unicode char U+2523 (decimal 9507)
   defining Unicode char U+2524 (decimal 9508)
   defining Unicode char U+252C (decimal 9516)
   defining Unicode char U+252D (decimal 9517)
   defining Unicode char U+252E (decimal 9518)
   defining Unicode char U+252F (decimal 9519)
   defining Unicode char U+2530 (decimal 9520)
   defining Unicode char U+2531 (decimal 9521)
   defining Unicode char U+2532 (decimal 9522)
   defining Unicode char U+2533 (decimal 9523)
   defining Unicode char U+2534 (decimal 9524)
   defining Unicode char U+2535 (decimal 9525)
   defining Unicode char U+2536 (decimal 9526)
   defining Unicode char U+2537 (decimal 9527)
   defining Unicode char U+2538 (decimal 9528)
   defining Unicode char U+2539 (decimal 9529)
   defining Unicode char U+253A (decimal 9530)
   defining Unicode char U+253B (decimal 9531)
   defining Unicode char U+253C (decimal 9532)
   defining Unicode char U+253D (decimal 9533)
   defining Unicode char U+253E (decimal 9534)
   defining Unicode char U+253F (decimal 9535)
   defining Unicode char U+2540 (decimal 9536)
   defining Unicode char U+2541 (decimal 9537)
   defining Unicode char U+2542 (decimal 9538)
   defining Unicode char U+2543 (decimal 9539)
   defining Unicode char U+2544 (decimal 9540)
   defining Unicode char U+2545 (decimal 9541)
   defining Unicode char U+2546 (decimal 9542)
   defining Unicode char U+2547 (decimal 9543)
   defining Unicode char U+2548 (decimal 9544)
   defining Unicode char U+2549 (decimal 9545)
   defining Unicode char U+254A (decimal 9546)
   defining Unicode char U+254B (decimal 9547)
   defining Unicode char U+2550 (decimal 9552)
   defining Unicode char U+2551 (decimal 9553)
   defining Unicode char U+2552 (decimal 9554)
   defining Unicode char U+2553 (decimal 9555)
   defining Unicode char U+2554 (decimal 9556)
   defining Unicode char U+2555 (decimal 9557)
   defining Unicode char U+2556 (decimal 9558)
   defining Unicode char U+2557 (decimal 9559)
   defining Unicode char U+2558 (decimal 9560)
   defining Unicode char U+2559 (decimal 9561)
   defining Unicode char U+255A (decimal 9562)
   defining Unicode char U+255B (decimal 9563)
   defining Unicode char U+255C (decimal 9564)
   defining Unicode char U+255D (decimal 9565)
   defining Unicode char U+255E (decimal 9566)
   defining Unicode char U+255F (decimal 9567)
   defining Unicode char U+2560 (decimal 9568)
   defining Unicode char U+2561 (decimal 9569)
   defining Unicode char U+2562 (decimal 9570)
   defining Unicode char U+2563 (decimal 9571)
   defining Unicode char U+2564 (decimal 9572)
   defining Unicode char U+2565 (decimal 9573)
   defining Unicode char U+2566 (decimal 9574)
   defining Unicode char U+2567 (decimal 9575)
   defining Unicode char U+2568 (decimal 9576)
   defining Unicode char U+2569 (decimal 9577)
   defining Unicode char U+256A (decimal 9578)
   defining Unicode char U+256B (decimal 9579)
   defining Unicode char U+256C (decimal 9580)
   defining Unicode char U+2574 (decimal 9588)
   defining Unicode char U+2575 (decimal 9589)
   defining Unicode char U+2576 (decimal 9590)
   defining Unicode char U+2577 (decimal 9591)
   defining Unicode char U+2578 (decimal 9592)
   defining Unicode char U+2579 (decimal 9593)
   defining Unicode char U+257A (decimal 9594)
   defining Unicode char U+257B (decimal 9595)
   defining Unicode char U+257C (decimal 9596)
   defining Unicode char U+257D (decimal 9597)
   defining Unicode char U+257E (decimal 9598)
   defining Unicode char U+257F (decimal 9599)
   defining Unicode char U+2580 (decimal 9600)
   defining Unicode char U+2581 (decimal 9601)
   defining Unicode char U+2582 (decimal 9602)
   defining Unicode char U+2583 (decimal 9603)
   defining Unicode char U+2584 (decimal 9604)
   defining Unicode char U+2585 (decimal 9605)
   defining Unicode char U+2586 (decimal 9606)
   defining Unicode char U+2587 (decimal 9607)
   defining Unicode char U+2588 (decimal 9608)
   defining Unicode char U+2589 (decimal 9609)
   defining Unicode char U+258A (decimal 9610)
   defining Unicode char U+258B (decimal 9611)
   defining Unicode char U+258C (decimal 9612)
   defining Unicode char U+258D (decimal 9613)
   defining Unicode char U+258E (decimal 9614)
   defining Unicode char U+258F (decimal 9615)
   defining Unicode char U+2590 (decimal 9616)
   defining Unicode char U+2591 (decimal 9617)
   defining Unicode char U+2592 (decimal 9618)
   defining Unicode char U+2593 (decimal 9619)
   defining Unicode char U+2594 (decimal 9620)
   defining Unicode char U+2595 (decimal 9621)
   defining Unicode char U+2596 (decimal 9622)
   defining Unicode char U+2597 (decimal 9623)
   defining Unicode char U+2598 (decimal 9624)
   defining Unicode char U+2599 (decimal 9625)
   defining Unicode char U+259A (decimal 9626)
   defining Unicode char U+259B (decimal 9627)
   defining Unicode char U+259C (decimal 9628)
   defining Unicode char U+259D (decimal 9629)
   defining Unicode char U+259E (decimal 9630)
   defining Unicode char U+259F (decimal 9631)
) (/usr/share/texlive/texmf-dist/tex/latex/kvoptions/kvoptions.sty
Package: kvoptions 2020-10-07 v3.14 Key value format for package options (HO)
 (/usr/share/texlive/texmf-dist/tex/latex/graphics/keyval.sty
Package: keyval 2014/10/28 v1.15 key=value parser (DPC)
\KV@toks@=\toks16
))
\pmbd@W=\dimen139
\pmbd@H=\dimen140
\pmbd@L=\dimen141
\pmbd@Thin=\dimen142
\pmbd@Thick=\dimen143
\pmbd@Sep=\dimen144
) (/usr/share/texlive/texmf-dist/tex/latex/tools/verbatim.sty
Package: verbatim 2020-07-07 v1.5u LaTeX2e package for verbatim enhancements
\every@verbatim=\toks17
\verbatim@line=\toks18
\verbatim@in@stream=\read2
) (/usr/share/texlive/texmf-dist/tex/latex/fancyvrb/fancyvrb.sty
Package: fancyvrb 2021/12/21 4.1b verbatim text (tvz,hv)
\FV@CodeLineNo=\count193
\FV@InFile=\read3
\FV@TabBox=\box50
\c@FancyVerbLine=\count194
\FV@StepNumber=\count195
\FV@OutFile=\write3
) (/usr/share/texlive/texmf-dist/tex/latex/acronym/acronym.sty
Package: acronym 2020/04/17 v1.47 Support for acronyms (Tobias Oetiker)
 (/usr/share/texlive/texmf-dist/tex/latex/bigfoot/suffix.sty
Package: suffix 2006/07/15 1.5a Variant command support
) (/usr/share/texlive/texmf-dist/tex/generic/xstring/xstring.sty (/usr/share/texlive/texmf-dist/tex/generic/xstring/xstring.tex
\integerpart=\count196
\decimalpart=\count197
)
Package: xstring 2021/07/21 v1.84 String manipulations (CT)
)
\AC@clearlist=\toks19
) (/usr/share/texlive/texmf-dist/tex/latex/amscls/amsthm.sty
Package: amsthm 2020/05/29 v2.20.6
\thm@style=\toks20
\thm@bodyfont=\toks21
\thm@headfont=\toks22
\thm@notefont=\toks23
\thm@headpunct=\toks24
\thm@preskip=\skip58
\thm@postskip=\skip59
\thm@headsep=\skip60
\dth@everypar=\toks25
) (/usr/share/texlive/texmf-dist/tex/latex/caption/caption.sty
Package: caption 2020/10/26 v3.5g Customizing captions (AR)
 (/usr/share/texlive/texmf-dist/tex/latex/caption/caption3.sty
Package: caption3 2020/10/21 v2.2e caption3 kernel (AR)
\captionmargin=\dimen145
\captionmargin@=\dimen146
\captionwidth=\dimen147
\caption@tempdima=\dimen148
\caption@indent=\dimen149
\caption@parindent=\dimen150
\caption@hangindent=\dimen151
Package caption Info: Standard document class detected.
)
\c@caption@flags=\count198
\c@continuedfloat=\count199
) (/usr/share/texlive/texmf-dist/tex/latex/xcolor/xcolor.sty
Package: xcolor 2021/10/31 v2.13 LaTeX color extensions (UK)
 (/usr/share/texlive/texmf-dist/tex/latex/graphics-cfg/color.cfg
File: color.cfg 2016/01/02 v1.6 sample color configuration
)
Package xcolor Info: Package option `usenames' ignored on input line 218.
Package xcolor Info: Driver file: pdftex.def on input line 227.
 (/usr/share/texlive/texmf-dist/tex/latex/graphics-def/pdftex.def
File: pdftex.def 2020/10/05 v1.2a Graphics/color driver for pdftex
)
Package xcolor Info: Model `cmy' substituted by `cmy0' on input line 1352.
Package xcolor Info: Model `hsb' substituted by `rgb' on input line 1356.
Package xcolor Info: Model `RGB' extended on input line 1368.
Package xcolor Info: Model `HTML' substituted by `rgb' on input line 1370.
Package xcolor Info: Model `Hsb' substituted by `hsb' on input line 1371.
Package xcolor Info: Model `tHsb' substituted by `hsb' on input line 1372.
Package xcolor Info: Model `HSB' substituted by `hsb' on input line 1373.
Package xcolor Info: Model `Gray' substituted by `gray' on input line 1374.
Package xcolor Info: Model `wave' substituted by `hsb' on input line 1375.
 (/usr/share/texlive/texmf-dist/tex/latex/graphics/dvipsnam.def
File: dvipsnam.def 2016/06/17 v3.0m Driver-dependent file (DPC,SPQR)
)) (/usr/share/texlive/texmf-dist/tex/latex/enumitem/enumitem.sty
Package: enumitem 2019/06/20 v3.9 Customized lists
\labelindent=\skip61
\enit@outerparindent=\dimen152
\enit@toks=\toks26
\enit@inbox=\box51
\enit@count@id=\count266
\enitdp@description=\count267
) (/usr/share/texlive/texmf-dist/tex/latex/tools/tabularx.sty
Package: tabularx 2020/01/15 v2.11c `tabularx' package (DPC)
 (/usr/share/texlive/texmf-dist/tex/latex/tools/array.sty
Package: array 2021/10/04 v2.5f Tabular extension package (FMi)
\col@sep=\dimen153
\ar@mcellbox=\box52
\extrarowheight=\dimen154
\NC@list=\toks27
\extratabsurround=\skip62
\backup@length=\skip63
\ar@cellbox=\box53
)
\TX@col@width=\dimen155
\TX@old@table=\dimen156
\TX@old@col=\dimen157
\TX@target=\dimen158
\TX@delta=\dimen159
\TX@cols=\count268
\TX@ftn=\toks28
) (/usr/share/texlive/texmf-dist/tex/latex/sectsty/sectsty.sty
Package: sectsty 2002/02/25 v2.0.2 Commands to change all sectional heading styles


LaTeX Warning: Command \underbar  has changed.
               Check if current package is valid.


LaTeX Warning: Command \underline  has changed.
               Check if current package is valid.

) (/usr/share/texlive/texmf-dist/tex/latex/psnfss/pifont.sty
Package: pifont 2020/03/25 PSNFSS-v9.3 Pi font support (SPQR) 
LaTeX Font Info:    Trying to load font information for U+pzd on input line 63.
 (/usr/share/texlive/texmf-dist/tex/latex/psnfss/upzd.fd
File: upzd.fd 2001/06/04 font definitions for U/pzd.
)
LaTeX Font Info:    Trying to load font information for U+psy on input line 64.
 (/usr/share/texlive/texmf-dist/tex/latex/psnfss/upsy.fd
File: upsy.fd 2001/06/04 font definitions for U/psy.
)) (/usr/share/texlive/texmf-dist/tex/latex/hyperref/hyperref.sty
Package: hyperref 2021-06-07 v7.00m Hypertext links for LaTeX
 (/usr/share/texlive/texmf-dist/tex/generic/iftex/iftex.sty
Package: iftex 2020/03/06 v1.0d TeX engine tests
) (/usr/share/texlive/texmf-dist/tex/generic/pdftexcmds/pdftexcmds.sty
Package: pdftexcmds 2020-06-27 v0.33 Utility functions of pdfTeX for LuaTeX (HO)
Package pdftexcmds Info: \pdf@primitive is available.
Package pdftexcmds Info: \pdf@ifprimitive is available.
Package pdftexcmds Info: \pdfdraftmode found.
) (/usr/share/texlive/texmf-dist/tex/generic/pdfescape/pdfescape.sty
Package: pdfescape 2019/12/09 v1.15 Implements pdfTeX's escape features (HO)
) (/usr/share/texlive/texmf-dist/tex/latex/hycolor/hycolor.sty
Package: hycolor 2020-01-27 v1.10 Color options for hyperref/bookmark (HO)
) (/usr/share/texlive/texmf-dist/tex/latex/letltxmacro/letltxmacro.sty
Package: letltxmacro 2019/12/03 v1.6 Let assignment for LaTeX macros (HO)
) (/usr/share/texlive/texmf-dist/tex/latex/auxhook/auxhook.sty
Package: auxhook 2019-12-17 v1.6 Hooks for auxiliary files (HO)
)
\@linkdim=\dimen160
\Hy@linkcounter=\count269
\Hy@pagecounter=\count270
 (/usr/share/texlive/texmf-dist/tex/latex/hyperref/pd1enc.def
File: pd1enc.def 2021-06-07 v7.00m Hyperref: PDFDocEncoding definition (HO)
Now handling font encoding PD1 ...
... no UTF-8 mapping file for font encoding PD1
) (/usr/share/texlive/texmf-dist/tex/latex/hyperref/hyperref-langpatches.def
File: hyperref-langpatches.def 2021-06-07 v7.00m Hyperref: patches for babel languages
) (/usr/share/texlive/texmf-dist/tex/generic/intcalc/intcalc.sty
Package: intcalc 2019/12/15 v1.3 Expandable calculations with integers (HO)
) (/usr/share/texlive/texmf-dist/tex/generic/etexcmds/etexcmds.sty
Package: etexcmds 2019/12/15 v1.7 Avoid name clashes with e-TeX commands (HO)
)
\Hy@SavedSpaceFactor=\count271
 (/usr/share/texlive/texmf-dist/tex/latex/hyperref/puenc.def
File: puenc.def 2021-06-07 v7.00m Hyperref: PDF Unicode definition (HO)
Now handling font encoding PU ...
... no UTF-8 mapping file for font encoding PU
)
Package hyperref Info: Option `colorlinks' set `true' on input line 4073.
Package hyperref Info: Option `pdfusetitle' set `true' on input line 4073.
Package hyperref Info: Option `bookmarks' set `true' on input line 4073.
Package hyperref Info: Option `plainpages' set `false' on input line 4073.
Package hyperref Info: Hyper figures OFF on input line 4192.
Package hyperref Info: Link nesting OFF on input line 4197.
Package hyperref Info: Hyper index ON on input line 4200.
Package hyperref Info: Plain pages OFF on input line 4207.
Package hyperref Info: Backreferencing ON on input line 4210.
Package hyperref Info: Implicit mode ON; LaTeX internals redefined.
Package hyperref Info: Bookmarks ON on input line 4445.
 (/usr/share/texlive/texmf-dist/tex/latex/hyperref/backref.sty
Package: backref 2021/02/04 v1.41 Bibliographical back referencing
 (/usr/share/texlive/texmf-dist/tex/latex/rerunfilecheck/rerunfilecheck.sty
Package: rerunfilecheck 2019/12/05 v1.9 Rerun checks for auxiliary files (HO)
 (/usr/share/texlive/texmf-dist/tex/latex/base/atveryend-ltx.sty
Package: atveryend-ltx 2020/08/19 v1.0a Emulation of the original atveryend package
with kernel methods
) (/usr/share/texlive/texmf-dist/tex/generic/uniquecounter/uniquecounter.sty
Package: uniquecounter 2019/12/15 v1.4 Provide unlimited unique counter (HO)
 (/usr/share/texlive/texmf-dist/tex/generic/bigintcalc/bigintcalc.sty
Package: bigintcalc 2019/12/15 v1.5 Expandable calculations on big integers (HO)
))
Package uniquecounter Info: New unique counter `rerunfilecheck' on input line 286.
))
\c@Hy@tempcnt=\count272
 (/usr/share/texlive/texmf-dist/tex/latex/url/url.sty
\Urlmuskip=\muskip16
Package: url 2013/09/16  ver 3.4  Verb mode for urls, etc.
)
LaTeX Info: Redefining \url on input line 4804.
\XeTeXLinkMargin=\dimen161
 (/usr/share/texlive/texmf-dist/tex/generic/bitset/bitset.sty
Package: bitset 2019/12/09 v1.3 Handle bit-vector datatype (HO)
)
\Fld@menulength=\count273
\Field@Width=\dimen162
\Fld@charsize=\dimen163
Package hyperref Info: Hyper figures OFF on input line 6076.
Package hyperref Info: Link nesting OFF on input line 6081.
Package hyperref Info: Hyper index ON on input line 6084.
Package hyperref Info: backreferencing ON on input line 6089.
Package hyperref Info: Link coloring ON on input line 6094.
Package hyperref Info: Link coloring with OCG OFF on input line 6101.
Package hyperref Info: PDF/A mode OFF on input line 6106.
LaTeX Info: Redefining \ref on input line 6146.
LaTeX Info: Redefining \pageref on input line 6150.
 (/usr/share/texlive/texmf-dist/tex/latex/base/atbegshi-ltx.sty
Package: atbegshi-ltx 2021/01/10 v1.0c Emulation of the original atbegshi
package with kernel methods
)
\Hy@abspage=\count274
\c@Item=\count275
\c@Hfootnote=\count276
)
Package hyperref Info: Driver (autodetected): hpdftex.
 (/usr/share/texlive/texmf-dist/tex/latex/hyperref/hpdftex.def
File: hpdftex.def 2021-06-07 v7.00m Hyperref driver for pdfTeX
\Fld@listcount=\count277
\c@bookmark@seq@number=\count278
\Hy@SectionHShift=\skip64
) (/usr/share/texlive/texmf-dist/tex/latex/titlesec/titlesec.sty
Package: titlesec 2021/07/05 v2.14 Sectioning titles
\ttl@box=\box54
\beforetitleunit=\skip65
\aftertitleunit=\skip66
\ttl@plus=\dimen164
\ttl@minus=\dimen165
\ttl@toksa=\toks29
\titlewidth=\dimen166
\titlewidthlast=\dimen167
\titlewidthfirst=\dimen168
) (/usr/share/texlive/texmf-dist/tex/latex/bookmark/bookmark.sty
Package: bookmark 2020-11-06 v1.29 PDF bookmarks (HO)
 (/usr/share/texlive/texmf-dist/tex/latex/bookmark/bkm-pdftex.def
File: bkm-pdftex.def 2020-11-06 v1.29 bookmark driver for pdfTeX (HO)
\BKM@id=\count279
)) (/usr/share/texlive/texmf-dist/tex/latex/fontawesome5/fontawesome5.sty (/usr/share/texlive/texmf-dist/tex/latex/l3kernel/expl3.sty
Package: expl3 2022-01-21 L3 programming layer (loader) 
 (/usr/share/texlive/texmf-dist/tex/latex/l3backend/l3backend-pdftex.def
File: l3backend-pdftex.def 2022-01-12 L3 backend support: PDF output (pdfTeX)
\l__color_backend_stack_int=\count280
\l__pdf_internal_box=\box55
))
Package: fontawesome5 2021/06/04 v5.15.3 Font Awesome 5
 (/usr/share/texlive/texmf-dist/tex/latex/l3packages/l3keys2e/l3keys2e.sty
Package: l3keys2e 2022-01-12 LaTeX2e option processing using LaTeX3 keys
) (/usr/share/texlive/texmf-dist/tex/latex/l3packages/xparse/xparse.sty
Package: xparse 2022-01-12 L3 Experimental document command parser
) (/usr/share/texlive/texmf-dist/tex/latex/fontawesome5/fontawesome5-generic-helper.sty
Package: fontawesome5-generic-helper 2021/06/04 v5.15.3 non-uTeX helper for fontawesome5
 (/usr/share/texlive/texmf-dist/tex/latex/fontawesome5/fontawesome5-mapping.def))) (/usr/share/texlive/texmf-dist/tex/latex/fontawesome/fontawesome.sty
Package: fontawesome 2016/05/15 v4.6.3.1 font awesome icons
 (/usr/share/texlive/texmf-dist/tex/generic/iftex/ifxetex.sty
Package: ifxetex 2019/10/25 v0.7 ifxetex legacy package. Use iftex instead.
) (/usr/share/texlive/texmf-dist/tex/generic/iftex/ifluatex.sty
Package: ifluatex 2019/10/25 v1.5 ifluatex legacy package. Use iftex instead.
) (/usr/share/texlive/texmf-dist/tex/latex/fontawesome/fontawesomesymbols-generic.tex) (/usr/share/texlive/texmf-dist/tex/latex/fontawesome/fontawesomesymbols-pdftex.tex)) (/usr/share/texmf/tex/latex/tex-gyre/tgbonum.sty
Package: tgbonum 2009/09/27 v1.2 TeX Gyre Bonum as default roman family
) (/usr/share/texlive/texmf-dist/tex/latex/base/inputenc.sty
Package: inputenc 2021/02/14 v1.3d Input encoding file
\inpenc@prehook=\toks30
\inpenc@posthook=\toks31
 (/usr/share/texlive/texmf-dist/tex/latex/ucs/utf8x.def
File: utf8x.def 2004/10/17 UCS: Input encoding UTF-8
)) (/usr/share/texlive/texmf-dist/tex/latex/ucs/ucs.sty
Package: ucs 2013/05/11 v2.2 UCS: Unicode input support
 (/usr/share/texlive/texmf-dist/tex/latex/ucs/data/uni-global.def
File: uni-global.def 2013/05/13 UCS: Unicode global data
)
\uc@secondtry=\count281
\uc@combtoks=\toks32
\uc@combtoksb=\toks33
\uc@temptokena=\toks34
) (/usr/share/texlive/texmf-dist/tex/latex/base/fontenc.sty
Package: fontenc 2021/04/29 v2.0v Standard LaTeX package
LaTeX Font Info:    Trying to load font information for T1+qbk on input line 112.
 (/usr/share/texmf/tex/latex/tex-gyre/t1qbk.fd
File: t1qbk.fd 2009/09/25 v1.2 font definition file for T1/qbk
)) (/usr/share/texlive/texmf-dist/tex/latex/booktabs/booktabs.sty
Package: booktabs 2020/01/12 v1.61803398 Publication quality tables
\heavyrulewidth=\dimen169
\lightrulewidth=\dimen170
\cmidrulewidth=\dimen171
\belowrulesep=\dimen172
\belowbottomsep=\dimen173
\aboverulesep=\dimen174
\abovetopsep=\dimen175
\cmidrulesep=\dimen176
\cmidrulekern=\dimen177
\defaultaddspace=\dimen178
\@cmidla=\count282
\@cmidlb=\count283
\@aboverulesep=\dimen179
\@belowrulesep=\dimen180
\@thisruleclass=\count284
\@lastruleclass=\count285
\@thisrulewidth=\dimen181
) (/usr/share/texlive/texmf-dist/tex/latex/geometry/geometry.sty
Package: geometry 2020/01/02 v5.9 Page Geometry
 (/usr/share/texlive/texmf-dist/tex/generic/iftex/ifvtex.sty
Package: ifvtex 2019/10/25 v1.7 ifvtex legacy package. Use iftex instead.
)
\Gm@cnth=\count286
\Gm@cntv=\count287
\c@Gm@tempcnt=\count288
\Gm@bindingoffset=\dimen182
\Gm@wd@mp=\dimen183
\Gm@odd@mp=\dimen184
\Gm@even@mp=\dimen185
\Gm@layoutwidth=\dimen186
\Gm@layoutheight=\dimen187
\Gm@layouthoffset=\dimen188
\Gm@layoutvoffset=\dimen189
\Gm@dimlist=\toks35
) (/usr/share/texlive/texmf-dist/tex/latex/graphics/graphicx.sty
Package: graphicx 2021/09/16 v1.2d Enhanced LaTeX Graphics (DPC,SPQR)
 (/usr/share/texlive/texmf-dist/tex/latex/graphics/graphics.sty
Package: graphics 2021/03/04 v1.4d Standard LaTeX Graphics (DPC,SPQR)
 (/usr/share/texlive/texmf-dist/tex/latex/graphics/trig.sty
Package: trig 2021/08/11 v1.11 sin cos tan (DPC)
) (/usr/share/texlive/texmf-dist/tex/latex/graphics-cfg/graphics.cfg
File: graphics.cfg 2016/06/04 v1.11 sample graphics configuration
)
Package graphics Info: Driver file: pdftex.def on input line 107.
)
\Gin@req@height=\dimen190
\Gin@req@width=\dimen191
) (/usr/share/texlive/texmf-dist/tex/latex/tools/multicol.sty
Package: multicol 2021/10/28 v1.9b multicolumn formatting (FMi)
\c@tracingmulticols=\count289
\mult@box=\box56
\multicol@leftmargin=\dimen192
\c@unbalance=\count290
\c@collectmore=\count291
\doublecol@number=\count292
\multicoltolerance=\count293
\multicolpretolerance=\count294
\full@width=\dimen193
\page@free=\dimen194
\premulticols=\dimen195
\postmulticols=\dimen196
\multicolsep=\skip67
\multicolbaselineskip=\skip68
\partial@page=\box57
\last@line=\box58
\maxbalancingoverflow=\dimen197
\mult@rightbox=\box59
\mult@grightbox=\box60
\mult@firstbox=\box61
\mult@gfirstbox=\box62
\@tempa=\box63
\@tempa=\box64
\@tempa=\box65
\@tempa=\box66
\@tempa=\box67
\@tempa=\box68
\@tempa=\box69
\@tempa=\box70
\@tempa=\box71
\@tempa=\box72
\@tempa=\box73
\@tempa=\box74
\@tempa=\box75
\@tempa=\box76
\@tempa=\box77
\@tempa=\box78
\@tempa=\box79
\@tempa=\box80
\@tempa=\box81
\@tempa=\box82
\@tempa=\box83
\@tempa=\box84
\@tempa=\box85
\@tempa=\box86
\@tempa=\box87
\@tempa=\box88
\@tempa=\box89
\@tempa=\box90
\@tempa=\box91
\@tempa=\box92
\@tempa=\box93
\@tempa=\box94
\@tempa=\box95
\@tempa=\box96
\@tempa=\box97
\@tempa=\box98
\c@minrows=\count295
\c@columnbadness=\count296
\c@finalcolumnbadness=\count297
\last@try=\dimen198
\multicolovershoot=\dimen199
\multicolundershoot=\dimen256
\mult@nat@firstbox=\box99
\colbreak@box=\box100
\mc@col@check@num=\count298
)) (/usr/share/texlive/texmf-dist/tex/latex/blindtext/blindtext.sty
Package: blindtext 2012/01/06 V2.0 blindtext-Package
 (/usr/share/texlive/texmf-dist/tex/latex/tools/xspace.sty
Package: xspace 2014/10/28 v1.13 Space after command names (DPC,MH)
)
\c@blindtext=\count299
\c@Blindtext=\count300
\c@blind@countparstart=\count301
\blind@countxx=\count302
\blindtext@numBlindtext=\count303
\blind@countyy=\count304
\c@blindlist=\count305
\c@blindlistlevel=\count306
\c@blindlist@level=\count307
\blind@listitem=\count308
\c@blind@listcount=\count309
\c@blind@levelcount=\count310
\blind@mathformula=\count311
\blind@Mathformula=\count312
\c@blind@randomcount=\count313
\c@blind@randommax=\count314
\c@blind@pangramcount=\count315
\c@blind@pangrammax=\count316
) (./includes/custom-commands.tex
\enitdp@greenrectangles=\count317
\c@alphalisti=\count318
\c@alphalistii=\count319
\c@alphalistiii=\count320
\c@alphalistiv=\count321
\c@alphalistv=\count322
\c@alphalistvi=\count323
\c@alphalistvii=\count324
\c@alphalistviii=\count325
\c@alphalistix=\count326
\enitdp@alphalist=\count327
\enitdp@itemizedlist=\count328
\enitdp@arrows=\count329
\enitdp@borderedsquare=\count330
\enitdp@curveddarrow=\count331
\enitdp@coloredPen=\count332
\enitdp@objectives=\count333
\enitdp@filledstarlist=\count334
\enitdp@emptyCircleList=\count335
\enitdp@filledRightArrowList=\count336
\enitdp@numberedEmptyList=\count337
\enitdp@rightHandPointingList=\count338


Package fancyhdr Warning: \fancyfoot's `E' option without twoside option is useless on input line 188.

) (./includes/hyperef.doc.info.tex

Package hyperref Warning: Option `bookmarks' has already been used,
(hyperref)                setting the option has no effect on input line 15.

Package hyperref Info: Option `bookmarksnumbered' set `true' on input line 15.
Package hyperref Info: Option `bookmarksopen' set `true' on input line 15.

Package hyperref Warning: Option `pdfpagelabels' has already been used,
(hyperref)                setting the option has no effect on input line 15.

) (output/main.aux)
\openout1 = `main.aux'.

LaTeX Font Info:    Checking defaults for OML/cmm/m/it on input line 30.
LaTeX Font Info:    ... okay on input line 30.
LaTeX Font Info:    Checking defaults for OMS/cmsy/m/n on input line 30.
LaTeX Font Info:    ... okay on input line 30.
LaTeX Font Info:    Checking defaults for OT1/cmr/m/n on input line 30.
LaTeX Font Info:    ... okay on input line 30.
LaTeX Font Info:    Checking defaults for T1/cmr/m/n on input line 30.
LaTeX Font Info:    ... okay on input line 30.
LaTeX Font Info:    Checking defaults for TS1/cmr/m/n on input line 30.
LaTeX Font Info:    ... okay on input line 30.
LaTeX Font Info:    Checking defaults for OMX/cmex/m/n on input line 30.
LaTeX Font Info:    ... okay on input line 30.
LaTeX Font Info:    Checking defaults for U/cmr/m/n on input line 30.
LaTeX Font Info:    ... okay on input line 30.
LaTeX Font Info:    Checking defaults for pmboxdraw/pmboxdraw/m/n on input line 30.
LaTeX Font Info:    ... okay on input line 30.
LaTeX Font Info:    Checking defaults for PD1/pdf/m/n on input line 30.
LaTeX Font Info:    ... okay on input line 30.
LaTeX Font Info:    Checking defaults for PU/pdf/m/n on input line 30.
LaTeX Font Info:    ... okay on input line 30.
Package lastpage Info: Please have a look at the pageslts package at
(lastpage)             https://www.ctan.org/pkg/pageslts
(lastpage)             ! on input line 30.
Package caption Info: Begin \AtBeginDocument code.
Package caption Info: hyperref package is loaded.
Package caption Info: End \AtBeginDocument code.
 (/usr/share/texlive/texmf-dist/tex/context/base/mkii/supp-pdf.mkii
[Loading MPS to PDF converter (version 2006.09.02).]
\scratchcounter=\count339
\scratchdimen=\dimen257
\scratchbox=\box101
\nofMPsegments=\count340
\nofMParguments=\count341
\everyMPshowfont=\toks36
\MPscratchCnt=\count342
\MPscratchDim=\dimen258
\MPnumerator=\count343
\makeMPintoPDFobject=\count344
\everyMPtoPDFconversion=\toks37
) (/usr/share/texlive/texmf-dist/tex/latex/epstopdf-pkg/epstopdf-base.sty
Package: epstopdf-base 2020-01-24 v2.11 Base part for package epstopdf
Package epstopdf-base Info: Redefining graphics rule for `.eps' on input line 485.
 (/usr/share/texlive/texmf-dist/tex/latex/latexconfig/epstopdf-sys.cfg
File: epstopdf-sys.cfg 2010/07/13 v1.3 Configuration of (r)epstopdf for TeX Live
))
Package hyperref Info: Link coloring ON on input line 30.
 (/usr/share/texlive/texmf-dist/tex/latex/hyperref/nameref.sty
Package: nameref 2021-04-02 v2.47 Cross-referencing by name of section
 (/usr/share/texlive/texmf-dist/tex/latex/refcount/refcount.sty
Package: refcount 2019/12/15 v3.6 Data extraction from label references (HO)
) (/usr/share/texlive/texmf-dist/tex/generic/gettitlestring/gettitlestring.sty
Package: gettitlestring 2019/12/15 v1.6 Cleanup title references (HO)
)
\c@section@level=\count345
)
LaTeX Info: Redefining \ref on input line 30.
LaTeX Info: Redefining \pageref on input line 30.
LaTeX Info: Redefining \nameref on input line 30.
 (/usr/share/texlive/texmf-dist/tex/latex/ucs/ucsencs.def
File: ucsencs.def 2011/01/21 Fixes to fontencodings LGR, T3
)
*geometry* driver: auto-detecting
*geometry* detected driver: pdftex
*geometry* verbose mode - [ preamble ] result:
* driver: pdftex
* paper: a4paper
* layout: <same size as paper>
* layoutoffset:(h,v)=(0.0pt,0.0pt)
* modes: 
* h-part:(L,W,R)=(72.26999pt, 452.9679pt, 72.26999pt)
* v-part:(T,H,B)=(72.26999pt, 722.18808pt, 50.58878pt)
* \paperwidth=597.50787pt
* \paperheight=845.04684pt
* \textwidth=452.9679pt
* \textheight=722.18808pt
* \oddsidemargin=0.0pt
* \evensidemargin=0.0pt
* \topmargin=-70.0pt
* \headheight=12.0pt
* \headsep=25.0pt
* \topskip=11.0pt
* \footskip=30.0pt
* \marginparwidth=50.0pt
* \marginparsep=10.0pt
* \columnsep=10.0pt
* \skip\footins=10.0pt plus 4.0pt minus 2.0pt
* \hoffset=0.0pt
* \voffset=0.0pt
* \mag=1000
* \@twocolumnfalse
* \@twosidefalse
* \@mparswitchfalse
* \@reversemarginfalse
* (1in=72.27pt=25.4mm, 1cm=28.453pt)

(./includes/document-header.tex
LaTeX Font Info:    Trying to load font information for U+fontawesomefree2 on input line 8.
 (/usr/share/texlive/texmf-dist/tex/latex/fontawesome5/ufontawesomefree2.fd)
LaTeX Font Info:    External font `cmex10' loaded for size
(Font)              <10.95> on input line 11.
LaTeX Font Info:    External font `cmex10' loaded for size
(Font)              <8> on input line 11.
LaTeX Font Info:    External font `cmex10' loaded for size
(Font)              <6> on input line 11.
)

Package multicol Warning: Using `1' columns doesn't seem a good idea.
 I therefore use two columns instead on input line 42.

[1

{/var/lib/texmf/fonts/map/pdftex/updmap/pdftex.map}]
LaTeX Font Info:    Trying to load font information for U+ding on input line 94.
 (/usr/share/texlive/texmf-dist/tex/latex/bbding/Uding.fd
File: Uding.fd 1996/02/01 v1.0 BBding font definitions
)
<includes/mindmap/A21-Evaluation-420-408.png, id=20, 1034.4246pt x 542.025pt>
File: includes/mindmap/A21-Evaluation-420-408.png Graphic file (type png)
<use includes/mindmap/A21-Evaluation-420-408.png>
Package pdftex.def Info: includes/mindmap/A21-Evaluation-420-408.png  used on input line 110.
(pdftex.def)             Requested size: 486.17963pt x 254.75177pt.

Overfull \hbox (33.21173pt too wide) in paragraph at lines 110--117
 [][] 
 []

LaTeX Font Info:    External font `cmex10' loaded for size
(Font)              <7> on input line 117.
LaTeX Font Info:    External font `cmex10' loaded for size
(Font)              <5> on input line 117.
[2

 <./includes/mindmap/A21-Evaluation-420-408.png (PNG copy)>]
LaTeX Font Info:    Trying to load font information for U+fontawesomeone on input line 135.
 (/usr/share/texlive/texmf-dist/tex/latex/fontawesome/ufontawesomeone.fd
File: ufontawesomeone.fd 2016/05/22 Font definitions for U/fontawesomeone.
)
LaTeX Font Info:    Trying to load font information for U+fontawesometwo on input line 139.
 (/usr/share/texlive/texmf-dist/tex/latex/fontawesome/ufontawesometwo.fd
File: ufontawesometwo.fd 2016/05/22 Font definitions for U/fontawesometwo.
)
Underfull \hbox (badness 10000) in paragraph at lines 139--140

 []

<includes/images/unity-in.action.jpg, id=35, 319.1925pt x 399.4925pt>
File: includes/images/unity-in.action.jpg Graphic file (type jpg)
<use includes/images/unity-in.action.jpg>
Package pdftex.def Info: includes/images/unity-in.action.jpg  used on input line 145.
(pdftex.def)             Requested size: 73.15327pt x 91.55217pt.

Underfull \hbox (badness 10000) in paragraph at lines 148--156

 []

<includes/images/UnityCookbook.jpg, id=38, 351.3125pt x 500.87125pt>
File: includes/images/UnityCookbook.jpg Graphic file (type jpg)
<use includes/images/UnityCookbook.jpg>
Package pdftex.def Info: includes/images/UnityCookbook.jpg  used on input line 161.
(pdftex.def)             Requested size: 73.15327pt x 104.29187pt.

Underfull \hbox (badness 10000) in paragraph at lines 164--171

 []


Underfull \hbox (badness 10000) in paragraph at lines 160--173

 []

<includes/images/learningUnityCSharp.jpg, id=40, 250.9375pt x 358.33875pt>
File: includes/images/learningUnityCSharp.jpg Graphic file (type jpg)
<use includes/images/learningUnityCSharp.jpg>
Package pdftex.def Info: includes/images/learningUnityCSharp.jpg  used on input line 176.
(pdftex.def)             Requested size: 73.15327pt x 104.46236pt.

Underfull \hbox (badness 10000) in paragraph at lines 179--186

 []

LaTeX Font Info:    Trying to load font information for U+fontawesomethree on input line 194.
(/usr/share/texlive/texmf-dist/tex/latex/fontawesome/ufontawesomethree.fd
File: ufontawesomethree.fd 2016/05/22 Font definitions for U/fontawesomethree.
)
LaTeX Font Info:    Trying to load font information for U+fontawesomebrands1 on input line 195.
 (/usr/share/texlive/texmf-dist/tex/latex/fontawesome5/ufontawesomebrands1.fd)
LaTeX Font Info:    Font shape `U/fontawesomebrands1/solid/n' in size <10.95> not available
(Font)              Font shape `U/fontawesomebrands1/regular/n' tried instead on input line 195.

Underfull \hbox (badness 10000) in paragraph at lines 205--206

 []

[3

 <./includes/images/unity-in.action.jpg> <./includes/images/UnityCookbook.jpg> <./includes/images/learningUnityCSharp.jpg>] [4

]
Overfull \hbox (27.84314pt too wide) in paragraph at lines 268--335
[] 
 []


AED: lastpage setting LastPage
[5

] (output/main.aux) ) 
Here is how much of TeX's memory you used:
 19260 strings out of 478287
 330841 string characters out of 5849289
 633792 words of memory out of 5000000
 37139 multiletter control sequences out of 15000+600000
 536482 words of font info for 67 fonts, out of 8000000 for 9000
 1141 hyphenation exceptions out of 8191
 92i,11n,94p,701b,454s stack positions out of 5000i,500n,10000p,200000b,80000s
{/usr/share/texlive/texmf-dist/fonts/enc/dvips/fontawesome5/fa5brands1.enc}{/usr/share/texlive/texmf-dist/fonts/enc/dvips/fontawesome/fontawesomethree.enc}{/usr/share/texlive/texmf-dist/fonts/enc/dvips/fontawesome/fontawesometwo.enc}{/usr/share/texlive/texmf-dist/fonts/enc/dvips/fontawesome/fontawesomeone.enc}{/usr/share/texmf/fonts/enc/dvips/tex-gyre/q-ec.enc}{/usr/share/texmf/fonts/enc/dvips/tex-gyre/q-ec-sc.enc}{/usr/share/texlive/texmf-dist/fonts/enc/dvips/fontawesome5/fa5free2.enc}</usr/share/texlive/texmf-dist/fonts/type1/public/fontawesome/FontAwesome.pfb></usr/share/texlive/texmf-dist/fonts/type1/public/fontawesome5/FontAwesome5Brands-Regular.pfb></usr/share/texlive/texmf-dist/fonts/type1/public/fontawesome5/FontAwesome5Free-Solid.pfb></usr/share/texlive/texmf-dist/fonts/type1/public/niceframe-type1/bbding10.pfb></usr/share/texmf/fonts/type1/public/tex-gyre/qbkb.pfb></usr/share/texmf/fonts/type1/public/tex-gyre/qbkbi.pfb></usr/share/texmf/fonts/type1/public/tex-gyre/qbkr.pfb></usr/share/texmf/fonts/type1/public/tex-gyre/qbkri.pfb></usr/share/texlive/texmf-dist/fonts/type1/urw/zapfding/uzdr.pfb>
Output written on output/main.pdf (5 pages, 568903 bytes).
PDF statistics:
 158 PDF objects out of 1000 (max. 8388607)
 122 compressed objects within 2 object streams
 18 named destinations out of 1000 (max. 500000)
 109 words of extra memory for PDF output out of 10000 (max. 10000000)

